<?xml version="1.0" encoding="UTF-8"?>
<!-- Generated by org.testng.reporters.JUnitXMLReporter -->
<testsuite ignored="0" hostname="LAPTOP-HE1LBLFP" failures="1" tests="14" name="Regression" time="46.141" errors="0" timestamp="2023-10-07T15:55:38 IST">
  <testcase classname="selenium.Asserts" name="test_assert" time="0.018">
    <failure type="java.lang.AssertionError" message="expected [shraddha] but found [Shraddha]">
      <![CDATA[java.lang.AssertionError: expected [shraddha] but found [Shraddha]
at selenium.Asserts.test_assert(Asserts.java:11)
at java.base/java.util.ArrayList.forEach(ArrayList.java:1511)
... Removed 33 stack frames]]>
    </failure>
  </testcase> <!-- test_assert -->
  <testcase classname="selenium.Asserts" name="test_softassert" time="0.006"/>
  <testcase classname="selenium.Day3TestNG" name="open_url" time="7.477"/>
  <testcase classname="selenium.Day3TestNG" name="login" time="0.747"/>
  <testcase classname="selenium.Day3TestNG" name="search_user" time="7.503"/>
  <testcase classname="selenium.TestNGOrangeHRM3" name="open_url" time="7.986"/>
  <testcase classname="selenium.TestNGOrangeHRM3" name="login" time="0.637"/>
  <testcase classname="selenium.TestNGOrangeHRM3" name="search_user" time="6.566"/>
  <testcase classname="selenium.TestNGOrangeHRM3" name="add_user" time="6.474"/>
  <testcase classname="selenium.TestNGOrangeHRM3" name="delete_added_user" time="8.633"/>
  <testcase classname="selenium.Day1TestNG" name="test_2" time="0.0"/>
  <testcase classname="selenium.Day1TestNG" name="test_1" time="0.004"/>
  <testcase classname="selenium.Day1TestNG" name="test_4" time="0.001"/>
  <testcase classname="selenium.Day1TestNG" name="test_3" time="0.002"/>
</testsuite> <!-- Regression -->
